<?xml version="1.0" encoding="UTF-8"?>
<TestRun id="fa31554a-aa5f-475d-98c5-f55007ca9b82" name="dubachm@L-DUBACHM 2012-06-20 08:54:46" runUser="AWEKOFP01\dubachm" xmlns="http://microsoft.com/schemas/VisualStudio/TeamTest/2010">
  <TestSettings name="Local" id="432902e9-1d44-4863-8af0-10afda97fb04">
    <Description>These are default test settings for a local test run.</Description>
    <Deployment enabled="false" runDeploymentRoot="dubachm_L-DUBACHM 2012-06-20 08_54_46">
      <DeploymentItem filename="C:\Users\dubachm\Desktop\Katas\RomanArabicNumeralsKata\RomanArabicNumeralsKata\bin\Debug\RomanArabicNumeralsKata.exe" />
    </Deployment>
    <Execution>
      <TestTypeSpecific />
      <AgentRule name="Execution Agents">
      </AgentRule>
    </Execution>
  </TestSettings>
  <Times creation="2012-06-20T08:54:46.5850437-04:00" queuing="2012-06-20T08:54:46.7790631-04:00" start="2012-06-20T08:54:46.7910643-04:00" finish="2012-06-20T08:54:47.1551007-04:00" />
  <ResultSummary outcome="Failed">
    <Counters total="1" executed="1" error="0" failed="1" timeout="0" aborted="0" inconclusive="0" passedButRunAborted="0" notRunnable="0" notExecuted="0" disconnected="0" warning="0" passed="0" completed="0" inProgress="0" pending="0" />
    <RunInfos>
      <RunInfo computerName="L-DUBACHM" outcome="Warning" timestamp="2012-06-20T08:54:46.7790631-04:00">
        <Text>Deployment is currently disabled. The deployment item 'RANumeralKataTest\numbers.csv' on test 'RANumeralKataTest.TranslateTest.TranslateSingleCharacterRomanNumeralTest_I_1' was not deployed.</Text>
      </RunInfo>
    </RunInfos>
  </ResultSummary>
  <TestDefinitions>
    <UnitTest name="TranslateSingleCharacterRomanNumeralTest_I_1" storage="c:\users\dubachm\desktop\katas\romanarabicnumeralskata\ranumeralkatatest\bin\debug\ranumeralkatatest.dll" id="8b1b0c93-38b4-5e9f-db1f-4ef10ff29cfa">
      <DeploymentItems>
        <DeploymentItem filename="RANumeralKataTest\numbers.csv" />
      </DeploymentItems>
      <Execution id="a58fd086-189a-41fb-ae52-6d30945a76b0" />
      <TestMethod codeBase="C:/Users/dubachm/Desktop/Katas/RomanArabicNumeralsKata/RANumeralKataTest/bin/Debug/RANumeralKataTest.DLL" adapterTypeName="Microsoft.VisualStudio.TestTools.TestTypes.Unit.UnitTestAdapter, Microsoft.VisualStudio.QualityTools.Tips.UnitTest.Adapter, Version=10.0.0.0, Culture=neutral, PublicKeyToken=b03f5f7f11d50a3a" className="RANumeralKataTest.TranslateTest, RANumeralKataTest, Version=1.0.0.0, Culture=neutral, PublicKeyToken=null" name="TranslateSingleCharacterRomanNumeralTest_I_1" />
      <DataSource connectionString="|DataDirectory|\numbers.csv" providerInvariantName="Microsoft.VisualStudio.TestTools.DataSource.CSV" tableName="numbers#csv" />
    </UnitTest>
  </TestDefinitions>
  <TestLists>
    <TestList name="Results Not in a List" id="8c84fa94-04c1-424b-9868-57a2d4851a1d" />
    <TestList name="All Loaded Results" id="19431567-8539-422a-85d7-44ee4e166bda" />
  </TestLists>
  <TestEntries>
    <TestEntry testId="8b1b0c93-38b4-5e9f-db1f-4ef10ff29cfa" executionId="a58fd086-189a-41fb-ae52-6d30945a76b0" testListId="8c84fa94-04c1-424b-9868-57a2d4851a1d" />
  </TestEntries>
  <Results>
    <UnitTestResult executionId="a58fd086-189a-41fb-ae52-6d30945a76b0" testId="8b1b0c93-38b4-5e9f-db1f-4ef10ff29cfa" testName="TranslateSingleCharacterRomanNumeralTest_I_1" computerName="L-DUBACHM" startTime="2012-06-20T08:54:46.7960648-04:00" endTime="2012-06-20T08:54:47.0040856-04:00" testType="13cdc9d9-ddb5-4fa4-a97d-d965ccfc6d4b" outcome="Failed" testListId="8c84fa94-04c1-424b-9868-57a2d4851a1d" relativeResultsDirectory="a58fd086-189a-41fb-ae52-6d30945a76b0" resultType="DataDrivenTest">
      <Output>
        <ErrorInfo>
          <Message>The unit test adapter failed to connect to the data source or to read the data. For more information on troubleshooting this error, see "Troubleshooting Data-Driven Unit Tests" (http://go.microsoft.com/fwlink/?LinkId=62412) in the MSDN Library.
Error details: The Microsoft Jet database engine could not find the object 'numbers.csv'.  Make sure the object exists and that you spell its name and the path name correctly.</Message>
        </ErrorInfo>
      </Output>
    </UnitTestResult>
  </Results>
</TestRun>